<?xml version="1.0" encoding="UTF-8"?>
<testsuite name="com.balad.android.data.PlayListOperationRepositoryImpTest" tests="55" skipped="0" failures="0" errors="0" timestamp="2022-06-18T05:32:37" hostname="hosseins-MacBook-Pro.local" time="0.035">
  <properties/>
  <testcase name="when no track played yet, getPlayingTrack must return PlayingTrackNotExist exception" classname="com.balad.android.data.PlayListOperationRepositoryImpTest" time="0.016"/>
  <testcase name="when play track then pause then stop then play again, pause time of play track must be 0" classname="com.balad.android.data.PlayListOperationRepositoryImpTest" time="0.001"/>
  <testcase name="when stop and playing track exist,stop must be Success" classname="com.balad.android.data.PlayListOperationRepositoryImpTest" time="0.0"/>
  <testcase name="when playNext until last track visit in playlist then addToQueue then playNext then playNext, must return EndOfPlayList Exception" classname="com.balad.android.data.PlayListOperationRepositoryImpTest" time="0.006"/>
  <testcase name="when no track play yet, previous must return PreviousNotExist Exception" classname="com.balad.android.data.PlayListOperationRepositoryImpTest" time="0.0"/>
  <testcase name="when first item of playList play then pause then resume then previous ,previous must return PreviousNotExist Exception" classname="com.balad.android.data.PlayListOperationRepositoryImpTest" time="0.0"/>
  <testcase name="when stop and no track play yet, stop must return PlayingTrackNotExist Exception" classname="com.balad.android.data.PlayListOperationRepositoryImpTest" time="0.0"/>
  <testcase name="when playTrack then play that track again, it must return TrackAlreadyPlaying exception" classname="com.balad.android.data.PlayListOperationRepositoryImpTest" time="0.0"/>
  <testcase name="when pause and no track play yet, pause must return PlayingTrackNotExist Exception" classname="com.balad.android.data.PlayListOperationRepositoryImpTest" time="0.001"/>
  <testcase name="when playList isEmpty then addToQueue then playTrack, must return newTrack(addToQueueItem)" classname="com.balad.android.data.PlayListOperationRepositoryImpTest" time="0.0"/>
  <testcase name="when first track of playList play, getNextPlayList must return playList size minus 1" classname="com.balad.android.data.PlayListOperationRepositoryImpTest" time="0.0"/>
  <testcase name="when play first track then stop then play again, getPlayingTrack must returned correct track id" classname="com.balad.android.data.PlayListOperationRepositoryImpTest" time="0.0"/>
  <testcase name="when addToQueue first then playNext, must return newTrack(addToQueueItem)" classname="com.balad.android.data.PlayListOperationRepositoryImpTest" time="0.0"/>
  <testcase name="when playTrack, result must have Playing status" classname="com.balad.android.data.PlayListOperationRepositoryImpTest" time="0.0"/>
  <testcase name="when first item of playList play then playNext, second track must return" classname="com.balad.android.data.PlayListOperationRepositoryImpTest" time="0.0"/>
  <testcase name="when 5 time playNext then playNext again, last PlayNext must return EndOfPlayList Exception" classname="com.balad.android.data.PlayListOperationRepositoryImpTest" time="0.0"/>
  <testcase name="when stop, getPlayingTrack must return PlayingTrackNotExist Exception" classname="com.balad.android.data.PlayListOperationRepositoryImpTest" time="0.0"/>
  <testcase name="when all tracks of playList seen, playNext must return EndOfPlayList Exception" classname="com.balad.android.data.PlayListOperationRepositoryImpTest" time="0.0"/>
  <testcase name="when first track of playList play then stop, getNextPlayList must return playList size minus 1" classname="com.balad.android.data.PlayListOperationRepositoryImpTest" time="0.0"/>
  <testcase name="when play then pause then stop, getPlayingTrack must return PlayingTrackNotExist Exception" classname="com.balad.android.data.PlayListOperationRepositoryImpTest" time="0.0"/>
  <testcase name="when first item of playList play then twice PlayNext, third track must return" classname="com.balad.android.data.PlayListOperationRepositoryImpTest" time="0.0"/>
  <testcase name="when playList not loaded yet or Empty,playNext must return PlayListIsEmpty Exception" classname="com.balad.android.data.PlayListOperationRepositoryImpTest" time="0.0"/>
  <testcase name="when first item of playList play, previous must return PreviousNotExist Exception" classname="com.balad.android.data.PlayListOperationRepositoryImpTest" time="0.0"/>
  <testcase name="when play first track then playNext then previous , getPlayingTrack must return first track of playList" classname="com.balad.android.data.PlayListOperationRepositoryImpTest" time="0.0"/>
  <testcase name="when playNext 2 times then previous 1 times then pause then resume , getPlayingTrack  must return the second track of playList" classname="com.balad.android.data.PlayListOperationRepositoryImpTest" time="0.0"/>
  <testcase name="when playList not loaded yet or empty list , previous must return PreviousNotExist Exception" classname="com.balad.android.data.PlayListOperationRepositoryImpTest" time="0.0"/>
  <testcase name="when playNext until last track visit in playlist then addToQueue then playNext, getPlayingTrack must return newTrack(addToQueueItem)" classname="com.balad.android.data.PlayListOperationRepositoryImpTest" time="0.001"/>
  <testcase name="when play first Track , getPlayingTrack must return that track" classname="com.balad.android.data.PlayListOperationRepositoryImpTest" time="0.0"/>
  <testcase name="when first item of playList play then pause then previous ,previous must return PreviousNotExist Exception" classname="com.balad.android.data.PlayListOperationRepositoryImpTest" time="0.0"/>
  <testcase name="when playTrack , getPlayingTrack must have Playing status" classname="com.balad.android.data.PlayListOperationRepositoryImpTest" time="0.0"/>
  <testcase name="when playlist is empty or not loaded yet,  playTrack must return PlayListIsEmpty exception" classname="com.balad.android.data.PlayListOperationRepositoryImpTest" time="0.0"/>
  <testcase name="when all tracks played, getNextPlayList must return endOfPlayList Exception" classname="com.balad.android.data.PlayListOperationRepositoryImpTest" time="0.0"/>
  <testcase name="when resume a paused track, it must return track" classname="com.balad.android.data.PlayListOperationRepositoryImpTest" time="0.001"/>
  <testcase name="when addToQueue first then playTrack, must return first track not new track that added" classname="com.balad.android.data.PlayListOperationRepositoryImpTest" time="0.0"/>
  <testcase name="when resume and one track already playing, resume must return PausedTrackNotFound  Exception" classname="com.balad.android.data.PlayListOperationRepositoryImpTest" time="0.0"/>
  <testcase name="when first item of playList play then stop then previous , previous must return PreviousNotExist Exception" classname="com.balad.android.data.PlayListOperationRepositoryImpTest" time="0.0"/>
  <testcase name="when pause and pause time exceed track duration, pause must return PauseTimeError Exception" classname="com.balad.android.data.PlayListOperationRepositoryImpTest" time="0.0"/>
  <testcase name="when playList load then playNext then previous , must return first track of playList" classname="com.balad.android.data.PlayListOperationRepositoryImpTest" time="0.0"/>
  <testcase name="when resume a paused track, the resume time returned must correct value" classname="com.balad.android.data.PlayListOperationRepositoryImpTest" time="0.0"/>
  <testcase name="when play first track then playNext then addToQueue then playNext, must return newTrack(addToQueueItem)" classname="com.balad.android.data.PlayListOperationRepositoryImpTest" time="0.001"/>
  <testcase name="when play first track then playNext then previous ,previous must return first track of playList" classname="com.balad.android.data.PlayListOperationRepositoryImpTest" time="0.0"/>
  <testcase name="when addToQueue first then play Track then playNext, must return newTrack(addToQueueItem)" classname="com.balad.android.data.PlayListOperationRepositoryImpTest" time="0.0"/>
  <testcase name="when playNext 2 times then previous 1 times then pause then play , getPlayingTrack  must return the second track of playList" classname="com.balad.android.data.PlayListOperationRepositoryImpTest" time="0.0"/>
  <testcase name="when playTrack, it must return that track" classname="com.balad.android.data.PlayListOperationRepositoryImpTest" time="0.001"/>
  <testcase name="when playlist already loaded and not Empty and not any track play yet, nextPlayList(queue) size must equal all playlist Tracks" classname="com.balad.android.data.PlayListOperationRepositoryImpTest" time="0.0"/>
  <testcase name="when first track of playList play then pause, getNextPlayList must return playList size minus 1" classname="com.balad.android.data.PlayListOperationRepositoryImpTest" time="0.0"/>
  <testcase name="when resume and no track play yet, resume must return PausedTrackNotFound Exception" classname="com.balad.android.data.PlayListOperationRepositoryImpTest" time="0.0"/>
  <testcase name="when pause, getPlayingTrack must return PlayingTrackNotExist Exception" classname="com.balad.android.data.PlayListOperationRepositoryImpTest" time="0.001"/>
  <testcase name="when playNext 5 times then previous 1 times , must return the fifth track of playList" classname="com.balad.android.data.PlayListOperationRepositoryImpTest" time="0.0"/>
  <testcase name="when resume a paused track, the resume track must have playing state" classname="com.balad.android.data.PlayListOperationRepositoryImpTest" time="0.0"/>
  <testcase name="when playNext 3 times then previous 2 times , must return the second track of playList" classname="com.balad.android.data.PlayListOperationRepositoryImpTest" time="0.0"/>
  <testcase name="when playList Load and not any track played yet, playNext must return second track" classname="com.balad.android.data.PlayListOperationRepositoryImpTest" time="0.0"/>
  <testcase name="when playing track exist, pause must result be Success" classname="com.balad.android.data.PlayListOperationRepositoryImpTest" time="0.0"/>
  <testcase name="when loaded PlayList is Empty, getNextPlayList must return PlayListIsEmpty Exception" classname="com.balad.android.data.PlayListOperationRepositoryImpTest" time="0.001"/>
  <testcase name="when resume a paused track, the getPlayingTrack must return track" classname="com.balad.android.data.PlayListOperationRepositoryImpTest" time="0.0"/>
  <system-out><![CDATA[]]></system-out>
  <system-err><![CDATA[]]></system-err>
</testsuite>
